<?xml version="1.0" encoding="UTF-8"?>
<!-- Generated by org.testng.reporters.JUnitReportReporter -->
<testsuite skipped="0" hostname="DESKTOP-9UOIO01" name="Flights.Framework.FlightsFunctionTest" tests="1" failures="0" timestamp="2020-06-28T06:47:52 CDT" time="14.692" errors="0">
  <testcase name="getInfo" time="14.692" classname="Flights.Framework.FlightsFunctionTest"/>
  <system-out/>
</testsuite> <!-- Flights.Framework.FlightsFunctionTest -->
