<?xml version="1.0" encoding="UTF-8"?>
<!-- Generated by org.testng.reporters.JUnitReportReporter -->
<testsuite skipped="0" hostname="DESKTOP-9UOIO01" name="Flights.Framework.FlightsFunction" tests="1" failures="0" timestamp="2020-06-27T12:58:12 CDT" time="0.794" errors="0">
  <testcase name="getInfo" time="0.794" classname="Flights.Framework.FlightsFunction"/>
  <system-out/>
</testsuite> <!-- Flights.Framework.FlightsFunction -->
