<?xml version="1.0" encoding="UTF-8"?>
<!-- Generated by org.testng.reporters.JUnitReportReporter -->
<testsuite skipped="0" hostname="DESKTOP-9UOIO01" name="Flights.Framework.AppTest" tests="1" failures="0" timestamp="2020-06-28T06:47:52 CDT" time="0.007" errors="0">
  <testcase name="shouldAnswerWithTrue" time="0.007" classname="Flights.Framework.AppTest"/>
  <system-out/>
</testsuite> <!-- Flights.Framework.AppTest -->
